<?xml version="1.0" encoding="UTF-8"?>
<!-- Generated by org.testng.reporters.JUnitReportReporter -->
<testsuite hostname="LAPTOP-F4JAG1TB" failures="0" tests="1" name="testcases.TC004" time="8.006" errors="0" timestamp="2022-12-22T17:39:10 IST" skipped="0">
  <testcase classname="testcases.TC004" name="testcase1" time="8.006"/>
  <system-out/>
</testsuite> <!-- testcases.TC004 -->
