<?xml version="1.0" encoding="UTF-8"?>
<!-- Generated by org.testng.reporters.JUnitReportReporter -->
<testsuite hostname="LAPTOP-F4JAG1TB" failures="0" tests="1" name="testcases.TC001" time="19.854" errors="0" timestamp="2022-12-20T23:41:08 IST" skipped="0">
  <testcase classname="testcases.TC001" name="testcase1" time="19.854"/>
  <system-out/>
</testsuite> <!-- testcases.TC001 -->
