<?xml version="1.0" encoding="UTF-8"?>
<!-- Generated by org.testng.reporters.JUnitReportReporter -->
<testsuite hostname="LAPTOP-F4JAG1TB" failures="0" tests="1" name="testcases.TC005" time="18.454" errors="0" timestamp="2022-12-22T17:39:10 IST" skipped="0">
  <testcase classname="testcases.TC005" name="testcase1" time="18.454"/>
  <system-out/>
</testsuite> <!-- testcases.TC005 -->
